2025-12-01 14:35:35,743 - __main__ - INFO - Configuration file name : config.yaml
2025-12-01 14:35:35,743 - __main__ - INFO - Local storage : 
2025-12-01 14:35:35,744 - __main__ - INFO - Configuration file path : weather_data_unified
2025-12-01 14:35:35,744 - __main__ - INFO - S3 bucket : greencoop-forecast-raw-data
2025-12-01 14:35:35,748 - __main__ - INFO -     Downloading from: https://s3.eu-west-1.amazonaws.com/course.oc-static.com/projects/922_Data+Engineer/922_P8/Weather+Underground+-+La+Madeleine%2C+FR.xlsx
2025-12-01 14:35:36,004 - __main__ - INFO -     ✓ Downloaded to: /tmp/Weather+Underground+-+La+Madeleine%2C+FR.xlsx
2025-12-01 14:35:36,005 - __main__ - INFO -     Downloading from: https://s3.eu-west-1.amazonaws.com/course.oc-static.com/projects/922_Data+Engineer/922_P8/Weather+Underground+-+Ichtegem%2C+BE.xlsx
2025-12-01 14:35:36,301 - __main__ - INFO -     ✓ Downloaded to: /tmp/Weather+Underground+-+Ichtegem%2C+BE.xlsx
2025-12-01 14:35:36,302 - __main__ - INFO -     Downloading from: https://s3.eu-west-1.amazonaws.com/course.oc-static.com/projects/922_Data+Engineer/922_P8/Data_Source1_011024-071024.json
2025-12-01 14:35:36,663 - __main__ - INFO -     ✓ Downloaded to: /tmp/Data_Source1_011024-071024.json
2025-12-01 14:35:36,664 - __main__ - INFO - ======================================================================
2025-12-01 14:35:36,664 - __main__ - INFO - UNIFIED DATA PIPELINE - Processing All Sources
2025-12-01 14:35:36,664 - __main__ - INFO - ======================================================================
2025-12-01 14:35:36,664 - __main__ - INFO - 
2025-12-01 14:35:36,664 - __main__ - INFO - Processing source: Weather Underground
2025-12-01 14:35:36,780 - __main__ - INFO -     Found 7 sheets
2025-12-01 14:35:36,780 - __main__ - INFO -     Reading sheet: 011024
2025-12-01 14:35:36,885 - __main__ - INFO -       → 288 rows
2025-12-01 14:35:36,890 - __main__ - INFO -     Reading sheet: 021024
2025-12-01 14:35:36,978 - __main__ - INFO -       → 288 rows
2025-12-01 14:35:36,982 - __main__ - INFO -     Reading sheet: 031024
2025-12-01 14:35:37,069 - __main__ - INFO -       → 288 rows
2025-12-01 14:35:37,074 - __main__ - INFO -     Reading sheet: 041024
2025-12-01 14:35:37,177 - __main__ - INFO -       → 288 rows
2025-12-01 14:35:37,181 - __main__ - INFO -     Reading sheet: 051024
2025-12-01 14:35:37,267 - __main__ - INFO -       → 288 rows
2025-12-01 14:35:37,272 - __main__ - INFO -     Reading sheet: 061024
2025-12-01 14:35:37,358 - __main__ - INFO -       → 288 rows
2025-12-01 14:35:37,363 - __main__ - INFO -     Reading sheet: 071024
2025-12-01 14:35:37,459 - __main__ - INFO -       → 180 rows
2025-12-01 14:35:37,462 - __main__ - INFO -   ✓ Read 1 stations
2025-12-01 14:35:37,462 - __main__ - INFO -   ✓ Read 1908 records total
2025-12-01 14:35:37,464 - __main__ - INFO -   ✓ After filtering: 1908 records
2025-12-01 14:35:37,464 - __main__ - INFO - ✓ wunderground_ilamad25: 1 stations, 1908 records
2025-12-01 14:35:37,464 - __main__ - INFO - 
2025-12-01 14:35:37,464 - __main__ - INFO - Processing source: Weather Underground
2025-12-01 14:35:37,538 - __main__ - INFO -     Found 7 sheets
2025-12-01 14:35:37,538 - __main__ - INFO -     Reading sheet: 011024
2025-12-01 14:35:37,632 - __main__ - INFO -       → 288 rows
2025-12-01 14:35:37,636 - __main__ - INFO -     Reading sheet: 021024
2025-12-01 14:35:37,757 - __main__ - INFO -       → 285 rows
2025-12-01 14:35:37,762 - __main__ - INFO -     Reading sheet: 031024
2025-12-01 14:35:37,855 - __main__ - INFO -       → 284 rows
2025-12-01 14:35:37,859 - __main__ - INFO -     Reading sheet: 041024
2025-12-01 14:35:37,953 - __main__ - INFO -       → 288 rows
2025-12-01 14:35:37,957 - __main__ - INFO -     Reading sheet: 051024
2025-12-01 14:35:38,072 - __main__ - INFO -       → 288 rows
2025-12-01 14:35:38,076 - __main__ - INFO -     Reading sheet: 061024
2025-12-01 14:35:38,170 - __main__ - INFO -       → 288 rows
2025-12-01 14:35:38,174 - __main__ - INFO -     Reading sheet: 071024
2025-12-01 14:35:38,262 - __main__ - INFO -       → 178 rows
2025-12-01 14:35:38,265 - __main__ - INFO -   ✓ Read 1 stations
2025-12-01 14:35:38,265 - __main__ - INFO -   ✓ Read 1899 records total
2025-12-01 14:35:38,267 - __main__ - INFO -   ✓ After filtering: 1899 records
2025-12-01 14:35:38,267 - __main__ - INFO - ✓ wunderground_iichte19: 1 stations, 1899 records
2025-12-01 14:35:38,267 - __main__ - INFO - 
2025-12-01 14:35:38,267 - __main__ - INFO - Processing source: InfoClimat
2025-12-01 14:35:38,270 - __main__ - INFO -     Extracted 4 stations from metadata
2025-12-01 14:35:38,270 - __main__ - INFO -     Station 07015: 60 records
2025-12-01 14:35:38,272 - __main__ - INFO -     Station 00052: 361 records
2025-12-01 14:35:38,287 - __main__ - INFO -     Station 000R5: 361 records
2025-12-01 14:35:38,302 - __main__ - INFO -     Station STATIC0010: 361 records
2025-12-01 14:35:38,317 - __main__ - INFO -   ✓ Read 4 stations
2025-12-01 14:35:38,317 - __main__ - INFO -   ✓ Read 1143 records total
2025-12-01 14:35:38,317 - __main__ - INFO -   ✓ After filtering: 1143 records
2025-12-01 14:35:38,318 - __main__ - INFO - ✓ infoclimat: 4 stations, 1143 records
2025-12-01 14:35:38,318 - __main__ - INFO - 
2025-12-01 14:35:38,318 - __main__ - INFO - ======================================================================
2025-12-01 14:35:38,318 - __main__ - INFO - Saving Normalized Data to JSONL
2025-12-01 14:35:38,318 - __main__ - INFO - ======================================================================
2025-12-01 14:35:38,318 - __main__ - INFO - 
2025-12-01 14:35:38,318 - __main__ - INFO - Saving to S3 (no local directory specified)
2025-12-01 14:35:38,434 - __main__ - INFO - Testing S3 connection to bucket: greencoop-forecast-raw-data
2025-12-01 14:35:38,556 - __main__ - INFO - ✓ S3 connection successful
2025-12-01 14:35:38,575 - __main__ - INFO - Uploading to S3: s3://greencoop-forecast-raw-data/weather_data_unified/weather_data_unified_20251201_143538.jsonl
2025-12-01 14:35:38,993 - __main__ - INFO - ✓ 6 stations + 4950 records
2025-12-01 14:35:38,994 - __main__ - INFO -   → s3://greencoop-forecast-raw-data/weather_data_unified/weather_data_unified_20251201_143538.jsonl
2025-12-01 14:35:38,994 - __main__ - INFO - 
2025-12-01 14:35:38,995 - __main__ - INFO - ======================================================================
2025-12-01 14:35:38,995 - __main__ - INFO - ✅ PIPELINE COMPLETE
2025-12-01 14:35:38,995 - __main__ - INFO - ======================================================================
2025-12-01 14:35:38,995 - __main__ - INFO - ✅ SUCCESS
