2025-12-09 15:24:23,051 - __main__ - INFO - Configuration file name : config.yaml
2025-12-09 15:24:23,052 - __main__ - INFO - Local storage : True
2025-12-09 15:24:23,052 - __main__ - INFO - Configuration file path : config.yaml
2025-12-09 15:24:23,052 - __main__ - INFO - S3 bucket : greencoop-forecast-raw-data
2025-12-09 15:24:23,056 - __main__ - INFO -     Downloading from: https://s3.eu-west-1.amazonaws.com/course.oc-static.com/projects/922_Data+Engineer/922_P8/Weather+Underground+-+La+Madeleine%2C+FR.xlsx
2025-12-09 15:24:23,360 - __main__ - INFO -     ✓ Downloaded to: /tmp/Weather+Underground+-+La+Madeleine%2C+FR.xlsx
2025-12-09 15:24:23,360 - __main__ - INFO -     Downloading from: https://s3.eu-west-1.amazonaws.com/course.oc-static.com/projects/922_Data+Engineer/922_P8/Weather+Underground+-+Ichtegem%2C+BE.xlsx
2025-12-09 15:24:23,645 - __main__ - INFO -     ✓ Downloaded to: /tmp/Weather+Underground+-+Ichtegem%2C+BE.xlsx
2025-12-09 15:24:23,646 - __main__ - INFO -     Downloading from: https://s3.eu-west-1.amazonaws.com/course.oc-static.com/projects/922_Data+Engineer/922_P8/Data_Source1_011024-071024.json
2025-12-09 15:24:24,011 - __main__ - INFO -     ✓ Downloaded to: /tmp/Data_Source1_011024-071024.json
2025-12-09 15:24:24,012 - __main__ - INFO - ======================================================================
2025-12-09 15:24:24,012 - __main__ - INFO - UNIFIED DATA PIPELINE - Processing All Sources
2025-12-09 15:24:24,012 - __main__ - INFO - ======================================================================
2025-12-09 15:24:24,012 - __main__ - INFO - 
2025-12-09 15:24:24,012 - __main__ - INFO - Processing source: Weather Underground
2025-12-09 15:24:24,126 - __main__ - INFO -     Found 7 sheets
2025-12-09 15:24:24,126 - __main__ - INFO -     Reading sheet: 011024
2025-12-09 15:24:24,229 - __main__ - INFO -       → 288 rows
2025-12-09 15:24:24,234 - __main__ - INFO -     Reading sheet: 021024
2025-12-09 15:24:24,320 - __main__ - INFO -       → 288 rows
2025-12-09 15:24:24,324 - __main__ - INFO -     Reading sheet: 031024
2025-12-09 15:24:24,411 - __main__ - INFO -       → 288 rows
2025-12-09 15:24:24,415 - __main__ - INFO -     Reading sheet: 041024
2025-12-09 15:24:24,519 - __main__ - INFO -       → 288 rows
2025-12-09 15:24:24,523 - __main__ - INFO -     Reading sheet: 051024
2025-12-09 15:24:24,609 - __main__ - INFO -       → 288 rows
2025-12-09 15:24:24,614 - __main__ - INFO -     Reading sheet: 061024
2025-12-09 15:24:24,718 - __main__ - INFO -       → 288 rows
2025-12-09 15:24:24,722 - __main__ - INFO -     Reading sheet: 071024
2025-12-09 15:24:24,801 - __main__ - INFO -       → 180 rows
2025-12-09 15:24:24,804 - __main__ - INFO -   ✓ Read 1 stations
2025-12-09 15:24:24,804 - __main__ - INFO -   ✓ Read 1908 records total
2025-12-09 15:24:24,805 - __main__ - INFO -   ✓ After filtering: 1908 records
2025-12-09 15:24:24,805 - __main__ - INFO - ✓ wunderground_ilamad25: 1 stations, 1908 records
2025-12-09 15:24:24,805 - __main__ - INFO - 
2025-12-09 15:24:24,805 - __main__ - INFO - Processing source: Weather Underground
2025-12-09 15:24:24,879 - __main__ - INFO -     Found 7 sheets
2025-12-09 15:24:24,879 - __main__ - INFO -     Reading sheet: 011024
2025-12-09 15:24:24,974 - __main__ - INFO -       → 288 rows
2025-12-09 15:24:24,978 - __main__ - INFO -     Reading sheet: 021024
2025-12-09 15:24:25,093 - __main__ - INFO -       → 285 rows
2025-12-09 15:24:25,097 - __main__ - INFO -     Reading sheet: 031024
2025-12-09 15:24:25,192 - __main__ - INFO -       → 284 rows
2025-12-09 15:24:25,197 - __main__ - INFO -     Reading sheet: 041024
2025-12-09 15:24:25,293 - __main__ - INFO -       → 288 rows
2025-12-09 15:24:25,297 - __main__ - INFO -     Reading sheet: 051024
2025-12-09 15:24:25,410 - __main__ - INFO -       → 288 rows
2025-12-09 15:24:25,415 - __main__ - INFO -     Reading sheet: 061024
2025-12-09 15:24:25,510 - __main__ - INFO -       → 288 rows
2025-12-09 15:24:25,514 - __main__ - INFO -     Reading sheet: 071024
2025-12-09 15:24:25,603 - __main__ - INFO -       → 178 rows
2025-12-09 15:24:25,606 - __main__ - INFO -   ✓ Read 1 stations
2025-12-09 15:24:25,606 - __main__ - INFO -   ✓ Read 1899 records total
2025-12-09 15:24:25,607 - __main__ - INFO -   ✓ After filtering: 1899 records
2025-12-09 15:24:25,607 - __main__ - INFO - ✓ wunderground_iichte19: 1 stations, 1899 records
2025-12-09 15:24:25,607 - __main__ - INFO - 
2025-12-09 15:24:25,607 - __main__ - INFO - Processing source: InfoClimat
2025-12-09 15:24:25,610 - __main__ - INFO -     Extracted 4 stations from metadata
2025-12-09 15:24:25,610 - __main__ - INFO -     Station 07015: 60 records
2025-12-09 15:24:25,612 - __main__ - INFO -     Station 00052: 361 records
2025-12-09 15:24:25,627 - __main__ - INFO -     Station 000R5: 361 records
2025-12-09 15:24:25,642 - __main__ - INFO -     Station STATIC0010: 361 records
2025-12-09 15:24:25,656 - __main__ - INFO -   ✓ Read 4 stations
2025-12-09 15:24:25,656 - __main__ - INFO -   ✓ Read 1143 records total
2025-12-09 15:24:25,657 - __main__ - INFO -   ✓ After filtering: 1143 records
2025-12-09 15:24:25,657 - __main__ - INFO - ✓ infoclimat: 4 stations, 1143 records
2025-12-09 15:24:25,657 - __main__ - INFO - 
2025-12-09 15:24:25,657 - __main__ - INFO - ======================================================================
2025-12-09 15:24:25,657 - __main__ - INFO - Saving Normalized Data to JSONL
2025-12-09 15:24:25,657 - __main__ - INFO - ======================================================================
2025-12-09 15:24:25,657 - __main__ - INFO - 
2025-12-09 15:24:25,657 - __main__ - INFO - Saving to local directory: data/clean
2025-12-09 15:24:25,678 - __main__ - INFO - ✓ 6 stations + 4950 records
2025-12-09 15:24:25,678 - __main__ - INFO -   → data/clean/weather_data_unified_20251209_152425.jsonl
2025-12-09 15:24:25,678 - __main__ - INFO - 
2025-12-09 15:24:25,678 - __main__ - INFO - ======================================================================
2025-12-09 15:24:25,678 - __main__ - INFO - ✅ PIPELINE COMPLETE
2025-12-09 15:24:25,678 - __main__ - INFO - ======================================================================
2025-12-09 15:24:25,678 - __main__ - INFO - ✅ SUCCESS
